2024-06-23 15:06:199 INFO  TopMenuPage :60 -  Mousehover and Click on desktop [[ChromeDriver: chrome on windows (87ca9e808ac74a23f04c310281e99174)] -> link text: Desktops]
2024-06-23 15:06:120 INFO  TopMenuPage :60 -  Mousehover and Click on desktop [[ChromeDriver: chrome on windows (80f4d8d6011cdd56676adf52fcaf6e65)] -> link text: Desktops]
2024-06-23 15:06:882 INFO  TopMenuPage :65 - get Text Desktop[[ChromeDriver: chrome on windows (80f4d8d6011cdd56676adf52fcaf6e65)] -> xpath: //h2[contains(text(),'Desktops')]]
2024-06-23 15:06:755 INFO  TopMenuPage :60 -  Mousehover and Click on desktop [[ChromeDriver: chrome on windows (406d56cea32e5417a668afb5a5d77c5b)] -> link text: Desktops]
2024-06-23 15:06:305 INFO  TopMenuPage :65 - get Text Desktop[[ChromeDriver: chrome on windows (406d56cea32e5417a668afb5a5d77c5b)] -> xpath: //h2[contains(text(),'Desktops')]]
2024-06-23 15:06:619 INFO  TopMenuPage :60 -  Mousehover and Click on desktop [[ChromeDriver: chrome on windows (143093e337747a9c376b57c90e68fd3a)] -> link text: Desktops]
2024-06-23 15:06:618 INFO  TopMenuPage :65 - get Text Desktop[[ChromeDriver: chrome on windows (143093e337747a9c376b57c90e68fd3a)] -> xpath: //h2[contains(text(),'Desktops')]]
2024-06-23 15:06:660 INFO  TopMenuPage :70 - mouseHoverOnLaptopsAndNotebooksTab[[ChromeDriver: chrome on windows (08d61b28fc00a8bc86af6f8147ab1480)] -> link text: Laptops & Notebooks]
2024-06-23 15:06:895 INFO  TopMenuPage :75 - getLaptopsAndNotebooksText[[ChromeDriver: chrome on windows (08d61b28fc00a8bc86af6f8147ab1480)] -> xpath: //h2[normalize-space()='Laptops & Notebooks']]
2024-06-23 15:06:236 INFO  TopMenuPage :80 - mouseHoverToComponentsTab[[ChromeDriver: chrome on windows (5e540ef241e613fd36948df1bb4092d9)] -> link text: Components]
2024-06-23 15:06:513 INFO  TopMenuPage :85 - getComponentsText[[ChromeDriver: chrome on windows (5e540ef241e613fd36948df1bb4092d9)] -> xpath: //h2[contains(text(),'Components')]]
2024-06-23 16:06:819 INFO  TopMenuPage :60 -  Mousehover and Click on desktop [[ChromeDriver: chrome on windows (c3db272e667ec376be53d27e59015d6b)] -> link text: Desktops]
2024-06-23 16:06:931 INFO  DesktopsPage :134 - Sort Name (Z - A) By Position NameZtoA[[ChromeDriver: chrome on windows (c3db272e667ec376be53d27e59015d6b)] -> xpath: //select[@id='input-sort']]
2024-06-23 18:06:441 INFO  TopMenuPage :60 -  Mousehover and Click on desktop [[ChromeDriver: chrome on windows (2c20f841fcd5d5b376e803e121917790)] -> link text: Desktops]
2024-06-23 18:06:77 INFO  DesktopsPage :142 - Sort Name (Z - A) By Position NameZtoA[[ChromeDriver: chrome on windows (2c20f841fcd5d5b376e803e121917790)] -> xpath: //select[@id='input-sort']]
2024-06-23 18:06:871 INFO  TopMenuPage :60 -  Mousehover and Click on desktop [[ChromeDriver: chrome on windows (ff318322cacea0f2c9e6997511d9ae6b)] -> link text: Desktops]
2024-06-23 18:06:790 INFO  DesktopsPage :142 - Sort Name (Z - A) By Position NameZtoA[[ChromeDriver: chrome on windows (ff318322cacea0f2c9e6997511d9ae6b)] -> xpath: //select[@id='input-sort']]
2024-06-23 18:06:563 INFO  TopMenuPage :60 -  Mousehover and Click on desktop [[ChromeDriver: chrome on windows (77b079752b0dc5e94e089b5cf3719a94)] -> link text: Desktops]
2024-06-23 18:06:978 INFO  DesktopsPage :142 - Sort Name (Z - A) By Position NameZtoA[[ChromeDriver: chrome on windows (77b079752b0dc5e94e089b5cf3719a94)] -> xpath: //select[@id='input-sort']]
2024-06-23 18:06:343 INFO  TopMenuPage :60 -  Mousehover and Click on desktop [[ChromeDriver: chrome on windows (db4f0028ed6a4158b3cb18282cacd529)] -> link text: Desktops]
2024-06-23 18:06:946 INFO  DesktopsPage :142 - Sort Name (Z - A) By Position NameZtoA[[ChromeDriver: chrome on windows (db4f0028ed6a4158b3cb18282cacd529)] -> xpath: //select[@id='input-sort']]
2024-06-23 18:06:243 INFO  TopMenuPage :60 -  Mousehover and Click on desktop [[ChromeDriver: chrome on windows (65c2f7e7feeb9d2307120ddce5aa3e4d)] -> link text: Desktops]
2024-06-23 18:06:66 INFO  DesktopsPage :142 - Sort Name (Z - A) By Position NameZtoAProxy element for: DefaultElementLocator 'By.xpath: //select[@id='input-sort']'
2024-06-23 18:06:10 INFO  TopMenuPage :60 -  Mousehover and Click on desktop [[ChromeDriver: chrome on windows (5cdd74466ea6ed6f1e33d8cf536df84d)] -> link text: Desktops]
2024-06-23 18:06:88 INFO  DesktopsPage :142 - Sort Name (Z - A) By Position NameZtoA[[ChromeDriver: chrome on windows (5cdd74466ea6ed6f1e33d8cf536df84d)] -> xpath: //select[@id='input-sort']]
2024-06-23 18:06:458 INFO  TopMenuPage :60 -  Mousehover and Click on desktop [[ChromeDriver: chrome on windows (3b91094bcfa127587a1dc83cc34fd53f)] -> link text: Desktops]
2024-06-23 18:06:202 INFO  DesktopsPage :142 - Sort Name (Z - A) By Position NameZtoA[[ChromeDriver: chrome on windows (3b91094bcfa127587a1dc83cc34fd53f)] -> xpath: //select[@id='input-sort']]
2024-06-23 18:06:591 INFO  TopMenuPage :60 -  Mousehover and Click on desktop [[ChromeDriver: chrome on windows (eb2d7f0c1876f494b28d2c65a61d8fe3)] -> link text: Desktops]
2024-06-23 18:06:512 INFO  DesktopsPage :148 - Sort Name (Z - A) By Position NameZtoA[[ChromeDriver: chrome on windows (eb2d7f0c1876f494b28d2c65a61d8fe3)] -> xpath: //select[@id='input-sort']]
2024-06-23 18:06:662 INFO  TopMenuPage :60 -  Mousehover and Click on desktop [[ChromeDriver: chrome on windows (32b9eab2458f43d2d6703c8cda4e3bbf)] -> link text: Desktops]
2024-06-23 18:06:735 INFO  TopMenuPage :60 -  Mousehover and Click on desktop [[ChromeDriver: chrome on windows (c4d31d4c675d4f28d8b947ab955bedb3)] -> link text: Desktops]
2024-06-23 18:06:512 INFO  DesktopsPage :148 - Sort Name (Z - A) By Position NameZtoA[[ChromeDriver: chrome on windows (c4d31d4c675d4f28d8b947ab955bedb3)] -> xpath: //select[@id='input-sort']]
2024-06-23 18:06:883 INFO  TopMenuPage :60 -  Mousehover and Click on desktop [[ChromeDriver: chrome on windows (fc1a6e173e6d320fee9b6687268fdc2e)] -> link text: Desktops]
2024-06-23 18:06:360 INFO  DesktopsPage :148 - Sort Name (Z - A) By Position NameZtoA[[ChromeDriver: chrome on windows (fc1a6e173e6d320fee9b6687268fdc2e)] -> xpath: //select[@id='input-sort']]
2024-06-23 19:06:846 INFO  TopMenuPage :60 -  Mousehover and Click on desktop [[ChromeDriver: chrome on windows (ba2b021c314da34668c8f6f871524e75)] -> link text: Desktops]
2024-06-23 19:06:707 INFO  DesktopsPage :148 - Sort Name (Z - A) By Position NameZtoA[[ChromeDriver: chrome on windows (ba2b021c314da34668c8f6f871524e75)] -> xpath: //select[@id='input-sort']]
2024-06-23 19:06:461 INFO  TopMenuPage :60 -  Mousehover and Click on desktop [[ChromeDriver: chrome on windows (1683eafb46cac083adcc822fc401a281)] -> link text: Desktops]
2024-06-23 19:06:841 INFO  DesktopsPage :148 - Sort Name (Z - A) By Position NameZtoA[[ChromeDriver: chrome on windows (1683eafb46cac083adcc822fc401a281)] -> xpath: //select[@id='input-sort']]
2024-06-23 19:06:852 INFO  TopMenuPage :60 -  Mousehover and Click on desktop [[ChromeDriver: chrome on windows (effa9d82aa9d5f62095e3a2a5bb4e625)] -> link text: Desktops]
2024-06-23 19:06:930 INFO  DesktopsPage :148 - Sort Name (Z - A) By Position NameZtoA[[ChromeDriver: chrome on windows (effa9d82aa9d5f62095e3a2a5bb4e625)] -> xpath: //select[@id='input-sort']]
2024-06-23 19:06:38 INFO  TopMenuPage :60 -  Mousehover and Click on desktop [[ChromeDriver: chrome on windows (2b348a9d6ad71bc5ce5d2b07f1b10986)] -> link text: Desktops]
2024-06-23 19:06:116 INFO  DesktopsPage :148 - Sort Name (Z - A) By Position NameZtoA[[ChromeDriver: chrome on windows (2b348a9d6ad71bc5ce5d2b07f1b10986)] -> xpath: //select[@id='input-sort']]
2024-06-23 19:06:689 INFO  TopMenuPage :60 -  Mousehover and Click on desktop [[ChromeDriver: chrome on windows (7f75240da1ec96d888bc8f1ddc306caf)] -> link text: Desktops]
2024-06-23 19:06:433 INFO  DesktopsPage :148 - Sort Name (Z - A) By Position NameZtoA[[ChromeDriver: chrome on windows (7f75240da1ec96d888bc8f1ddc306caf)] -> xpath: //select[@id='input-sort']]
2024-06-23 19:06:669 INFO  TopMenuPage :60 -  Mousehover and Click on desktop [[ChromeDriver: chrome on windows (833732c9cb6c2b81d29c71f46a2dfab1)] -> link text: Desktops]
2024-06-23 19:06:552 INFO  DesktopsPage :148 - Sort Name (Z - A) By Position NameZtoA[[ChromeDriver: chrome on windows (833732c9cb6c2b81d29c71f46a2dfab1)] -> xpath: //select[@id='input-sort']]
2024-06-23 20:06:746 INFO  TopMenuPage :60 -  Mousehover and Click on desktop [[ChromeDriver: chrome on windows (e78b6ff2922b2b8f6d03792e059829b3)] -> link text: Desktops]
2024-06-23 20:06:274 INFO  DesktopsPage :148 - Sort Name (Z - A) By Position NameZtoA[[ChromeDriver: chrome on windows (e78b6ff2922b2b8f6d03792e059829b3)] -> xpath: //select[@id='input-sort']]
2024-06-23 20:06:610 INFO  LaptopsAndNotebooksPage :156 - MouseHover On LaptopsAndDesktopTab[[ChromeDriver: chrome on windows (d530a14cc8ddc33d8788fe0c7cc0d7ea)] -> link text: Laptops & Notebooks]
2024-06-23 20:06:816 INFO  LaptopsAndNotebooksPage :161 - clickOnShowAllLaptopsAndNotebooks[[ChromeDriver: chrome on windows (d530a14cc8ddc33d8788fe0c7cc0d7ea)] -> xpath: //a[contains(text(),'Show AllLaptops & Notebooks')]]
2024-06-23 20:06:614 INFO  LaptopsAndNotebooksPage :166 - Sort By PriceHighToLow[[ChromeDriver: chrome on windows (d530a14cc8ddc33d8788fe0c7cc0d7ea)] -> xpath: //select[@id='input-sort']]
2024-06-23 20:06:429 INFO  TopMenuPage :60 -  Mousehover and Click on desktop [[ChromeDriver: chrome on windows (5d6948fb3c1f0d2d4eeadeb1244942af)] -> link text: Desktops]
2024-06-23 20:06:730 INFO  TopMenuPage :65 - get Text Desktop[[ChromeDriver: chrome on windows (5d6948fb3c1f0d2d4eeadeb1244942af)] -> xpath: //h2[contains(text(),'Desktops')]]
2024-06-23 20:06:116 INFO  TopMenuPage :70 - mouseHoverOnLaptopsAndNotebooksTab[[ChromeDriver: chrome on windows (ea2ca26d373ab9383eb629abea26c7f9)] -> link text: Laptops & Notebooks]
2024-06-23 20:06:10 INFO  TopMenuPage :75 - getLaptopsAndNotebooksText[[ChromeDriver: chrome on windows (ea2ca26d373ab9383eb629abea26c7f9)] -> xpath: //h2[normalize-space()='Laptops & Notebooks']]
2024-06-23 20:06:224 INFO  TopMenuPage :80 - mouseHoverToComponentsTab[[ChromeDriver: chrome on windows (4283ad9c95b25af22350615274bf686c)] -> link text: Components]
2024-06-23 20:06:94 INFO  TopMenuPage :85 - getComponentsText[[ChromeDriver: chrome on windows (4283ad9c95b25af22350615274bf686c)] -> xpath: //h2[contains(text(),'Components')]]
2024-06-23 22:06:453 INFO  TopMenuPage :60 -  Mousehover and Click on desktop [[ChromeDriver: chrome on windows (f9b9cb82eafebd7c368389376b1c25a6)] -> link text: Desktops]
2024-06-23 22:06:48 INFO  DesktopsPage :148 - Sort Name (Z - A) By Position NameZtoA[[ChromeDriver: chrome on windows (f9b9cb82eafebd7c368389376b1c25a6)] -> xpath: //select[@id='input-sort']]
2024-06-23 22:06:390 INFO  LaptopsAndNotebooksPage :156 - MouseHover On LaptopsAndDesktopTab[[ChromeDriver: chrome on windows (4bed26132273ba827c1a6ee6d2839b2f)] -> link text: Laptops & Notebooks]
2024-06-23 22:06:564 INFO  LaptopsAndNotebooksPage :161 - clickOnShowAllLaptopsAndNotebooks[[ChromeDriver: chrome on windows (4bed26132273ba827c1a6ee6d2839b2f)] -> xpath: //a[contains(text(),'Show AllLaptops & Notebooks')]]
2024-06-23 22:06:341 INFO  LaptopsAndNotebooksPage :166 - Sort By PriceHighToLow[[ChromeDriver: chrome on windows (4bed26132273ba827c1a6ee6d2839b2f)] -> xpath: //select[@id='input-sort']]
2024-06-23 22:06:85 INFO  LaptopsAndNotebooksPage :156 - MouseHover On LaptopsAndDesktopTab[[ChromeDriver: chrome on windows (a606ac22763c4532b4f1cc0b9eaccf62)] -> link text: Laptops & Notebooks]
2024-06-23 22:06:366 INFO  LaptopsAndNotebooksPage :161 - clickOnShowAllLaptopsAndNotebooks[[ChromeDriver: chrome on windows (a606ac22763c4532b4f1cc0b9eaccf62)] -> xpath: //a[contains(text(),'Show AllLaptops & Notebooks')]]
2024-06-23 22:06:199 INFO  LaptopsAndNotebooksPage :166 - Sort By PriceHighToLow[[ChromeDriver: chrome on windows (a606ac22763c4532b4f1cc0b9eaccf62)] -> xpath: //select[@id='input-sort']]
2024-06-23 22:06:885 INFO  LaptopsAndNotebooksPage :212 - Click On MacBookTab[[ChromeDriver: chrome on windows (a606ac22763c4532b4f1cc0b9eaccf62)] -> link text: Sony VAIO]
2024-06-23 22:06:221 INFO  LaptopsAndNotebooksPage :217 - Click On AddToCartButton[[ChromeDriver: chrome on windows (a606ac22763c4532b4f1cc0b9eaccf62)] -> xpath: //button[@id='button-cart']]
2024-06-23 22:06:297 INFO  DesktopsPage :235 - clickOnShoppingCart[[ChromeDriver: chrome on windows (a606ac22763c4532b4f1cc0b9eaccf62)] -> xpath: //span[contains(text(),'Shopping Cart')]]
2024-06-23 22:06:738 INFO  TopMenuPage :60 -  Mousehover and Click on desktop [[ChromeDriver: chrome on windows (38572daeef540a6fc0c3646e441f8e7f)] -> link text: Desktops]
2024-06-23 22:06:498 INFO  TopMenuPage :65 - get Text Desktop[[ChromeDriver: chrome on windows (38572daeef540a6fc0c3646e441f8e7f)] -> xpath: //h2[contains(text(),'Desktops')]]
2024-06-23 22:06:188 INFO  TopMenuPage :70 - mouseHoverOnLaptopsAndNotebooksTab[[ChromeDriver: chrome on windows (cd08045648f9bb6955b3ed146d3e5e5a)] -> link text: Laptops & Notebooks]
2024-06-23 22:06:632 INFO  TopMenuPage :75 - getLaptopsAndNotebooksText[[ChromeDriver: chrome on windows (cd08045648f9bb6955b3ed146d3e5e5a)] -> xpath: //h2[normalize-space()='Laptops & Notebooks']]
2024-06-23 22:06:985 INFO  TopMenuPage :80 - mouseHoverToComponentsTab[[ChromeDriver: chrome on windows (69d99102c19bf846f76eee692fb86d92)] -> link text: Components]
2024-06-23 22:06:36 INFO  TopMenuPage :85 - getComponentsText[[ChromeDriver: chrome on windows (69d99102c19bf846f76eee692fb86d92)] -> xpath: //h2[contains(text(),'Components')]]
2024-06-23 22:06:72 INFO  TopMenuPage :60 -  Mousehover and Click on desktop [[ChromeDriver: chrome on windows (56f3dc1897b943649e54e27adc167341)] -> link text: Desktops]
2024-06-23 22:06:261 INFO  DesktopsPage :148 - Sort Name (Z - A) By Position NameZtoA[[ChromeDriver: chrome on windows (56f3dc1897b943649e54e27adc167341)] -> xpath: //select[@id='input-sort']]
2024-06-23 22:06:817 INFO  LaptopsAndNotebooksPage :156 - MouseHover On LaptopsAndDesktopTab[[ChromeDriver: chrome on windows (7209c0750142495a6787e23b40c6c019)] -> link text: Laptops & Notebooks]
2024-06-23 22:06:817 INFO  LaptopsAndNotebooksPage :161 - clickOnShowAllLaptopsAndNotebooks[[ChromeDriver: chrome on windows (7209c0750142495a6787e23b40c6c019)] -> xpath: //a[contains(text(),'Show AllLaptops & Notebooks')]]
2024-06-23 22:06:550 INFO  LaptopsAndNotebooksPage :166 - Sort By PriceHighToLow[[ChromeDriver: chrome on windows (7209c0750142495a6787e23b40c6c019)] -> xpath: //select[@id='input-sort']]
2024-06-23 22:06:460 INFO  LaptopsAndNotebooksPage :156 - MouseHover On LaptopsAndDesktopTab[[ChromeDriver: chrome on windows (c025b2cac586bb0cd80a6740dba27251)] -> link text: Laptops & Notebooks]
2024-06-23 22:06:433 INFO  LaptopsAndNotebooksPage :161 - clickOnShowAllLaptopsAndNotebooks[[ChromeDriver: chrome on windows (c025b2cac586bb0cd80a6740dba27251)] -> xpath: //a[contains(text(),'Show AllLaptops & Notebooks')]]
2024-06-23 22:06:885 INFO  LaptopsAndNotebooksPage :166 - Sort By PriceHighToLow[[ChromeDriver: chrome on windows (c025b2cac586bb0cd80a6740dba27251)] -> xpath: //select[@id='input-sort']]
2024-06-23 22:06:285 INFO  LaptopsAndNotebooksPage :212 - Click On MacBookTab[[ChromeDriver: chrome on windows (c025b2cac586bb0cd80a6740dba27251)] -> link text: Sony VAIO]
2024-06-23 22:06:404 INFO  LaptopsAndNotebooksPage :217 - Click On AddToCartButton[[ChromeDriver: chrome on windows (c025b2cac586bb0cd80a6740dba27251)] -> xpath: //button[@id='button-cart']]
2024-06-23 22:06:861 INFO  DesktopsPage :235 - clickOnShoppingCart[[ChromeDriver: chrome on windows (c025b2cac586bb0cd80a6740dba27251)] -> xpath: //span[contains(text(),'Shopping Cart')]]
2024-06-23 22:06:254 INFO  DesktopsPage :306 - Get [[ChromeDriver: chrome on windows (c025b2cac586bb0cd80a6740dba27251)] -> xpath: //h4/a]
2024-06-23 22:06:350 INFO  TopMenuPage :60 -  Mousehover and Click on desktop [[ChromeDriver: chrome on windows (cf52c0a9371b5f7e582a987df76539eb)] -> link text: Desktops]
2024-06-23 22:06:174 INFO  TopMenuPage :65 - get Text Desktop[[ChromeDriver: chrome on windows (cf52c0a9371b5f7e582a987df76539eb)] -> xpath: //h2[contains(text(),'Desktops')]]
2024-06-23 22:06:393 INFO  TopMenuPage :70 - mouseHoverOnLaptopsAndNotebooksTab[[ChromeDriver: chrome on windows (bfc9683eb90289a0219625b826bc283a)] -> link text: Laptops & Notebooks]
2024-06-23 22:06:854 INFO  TopMenuPage :75 - getLaptopsAndNotebooksText[[ChromeDriver: chrome on windows (bfc9683eb90289a0219625b826bc283a)] -> xpath: //h2[normalize-space()='Laptops & Notebooks']]
2024-06-23 22:06:355 INFO  TopMenuPage :80 - mouseHoverToComponentsTab[[ChromeDriver: chrome on windows (865827266d6990f7facccb6d76d4ca02)] -> link text: Components]
2024-06-23 22:06:100 INFO  TopMenuPage :85 - getComponentsText[[ChromeDriver: chrome on windows (865827266d6990f7facccb6d76d4ca02)] -> xpath: //h2[contains(text(),'Components')]]
2024-06-23 22:06:879 INFO  TopMenuPage :60 -  Mousehover and Click on desktop [[ChromeDriver: chrome on windows (b48b3ab465efcd2fe9fd86357df45a17)] -> link text: Desktops]
2024-06-23 22:06:42 INFO  DesktopsPage :148 - Sort Name (Z - A) By Position NameZtoA[[ChromeDriver: chrome on windows (b48b3ab465efcd2fe9fd86357df45a17)] -> xpath: //select[@id='input-sort']]
2024-06-23 22:06:545 INFO  LaptopsAndNotebooksPage :156 - MouseHover On LaptopsAndDesktopTab[[ChromeDriver: chrome on windows (6f45ccbf0d020d80a0a4fa0d5489ec7c)] -> link text: Laptops & Notebooks]
2024-06-23 22:06:136 INFO  LaptopsAndNotebooksPage :161 - clickOnShowAllLaptopsAndNotebooks[[ChromeDriver: chrome on windows (6f45ccbf0d020d80a0a4fa0d5489ec7c)] -> xpath: //a[contains(text(),'Show AllLaptops & Notebooks')]]
2024-06-23 22:06:735 INFO  LaptopsAndNotebooksPage :166 - Sort By PriceHighToLow[[ChromeDriver: chrome on windows (6f45ccbf0d020d80a0a4fa0d5489ec7c)] -> xpath: //select[@id='input-sort']]
2024-06-23 22:06:156 INFO  LaptopsAndNotebooksPage :156 - MouseHover On LaptopsAndDesktopTab[[ChromeDriver: chrome on windows (68dc1f6ca7c84cb56573a9f29c5e914d)] -> link text: Laptops & Notebooks]
2024-06-23 22:06:693 INFO  LaptopsAndNotebooksPage :161 - clickOnShowAllLaptopsAndNotebooks[[ChromeDriver: chrome on windows (68dc1f6ca7c84cb56573a9f29c5e914d)] -> xpath: //a[contains(text(),'Show AllLaptops & Notebooks')]]
2024-06-23 22:06:223 INFO  LaptopsAndNotebooksPage :166 - Sort By PriceHighToLow[[ChromeDriver: chrome on windows (68dc1f6ca7c84cb56573a9f29c5e914d)] -> xpath: //select[@id='input-sort']]
2024-06-23 22:06:511 INFO  LaptopsAndNotebooksPage :212 - Click On MacBookTab[[ChromeDriver: chrome on windows (68dc1f6ca7c84cb56573a9f29c5e914d)] -> link text: Sony VAIO]
2024-06-23 22:06:257 INFO  LaptopsAndNotebooksPage :217 - Click On AddToCartButton[[ChromeDriver: chrome on windows (68dc1f6ca7c84cb56573a9f29c5e914d)] -> xpath: //button[@id='button-cart']]
2024-06-23 22:06:474 INFO  DesktopsPage :235 - clickOnShoppingCart[[ChromeDriver: chrome on windows (68dc1f6ca7c84cb56573a9f29c5e914d)] -> xpath: //span[contains(text(),'Shopping Cart')]]
2024-06-23 22:06:636 INFO  LaptopsAndNotebooksPage :247 - sendTextChangeQuantityTo2[[ChromeDriver: chrome on windows (68dc1f6ca7c84cb56573a9f29c5e914d)] -> xpath: //input[contains(@name, 'quantity')]]
2024-06-23 22:06:915 INFO  LaptopsAndNotebooksPage :252 - Click On UpdateCart[[ChromeDriver: chrome on windows (68dc1f6ca7c84cb56573a9f29c5e914d)] -> xpath: //button[contains(@data-original-title, 'Update')]]
2024-06-23 22:06:973 INFO  LaptopsAndNotebooksPage :257 - getSuccessModifiedCartMessage[[ChromeDriver: chrome on windows (68dc1f6ca7c84cb56573a9f29c5e914d)] -> xpath: //div[@id='checkout-cart']/div[1]]
2024-06-23 22:06:272 INFO  TopMenuPage :60 -  Mousehover and Click on desktop [[ChromeDriver: chrome on windows (1957ebfa6cee9bfc3ebc0ebf0711ca38)] -> link text: Desktops]
2024-06-23 22:06:991 INFO  TopMenuPage :65 - get Text Desktop[[ChromeDriver: chrome on windows (1957ebfa6cee9bfc3ebc0ebf0711ca38)] -> xpath: //h2[contains(text(),'Desktops')]]
2024-06-23 22:06:853 INFO  TopMenuPage :70 - mouseHoverOnLaptopsAndNotebooksTab[[ChromeDriver: chrome on windows (f4893ccf87c8cdd496dc2a6a03f9dcde)] -> link text: Laptops & Notebooks]
2024-06-23 22:06:823 INFO  TopMenuPage :75 - getLaptopsAndNotebooksText[[ChromeDriver: chrome on windows (f4893ccf87c8cdd496dc2a6a03f9dcde)] -> xpath: //h2[normalize-space()='Laptops & Notebooks']]
2024-06-23 22:06:679 INFO  TopMenuPage :80 - mouseHoverToComponentsTab[[ChromeDriver: chrome on windows (30bc0ad0c7a4f1709294c525ed3e96d6)] -> link text: Components]
2024-06-23 22:06:738 INFO  TopMenuPage :85 - getComponentsText[[ChromeDriver: chrome on windows (30bc0ad0c7a4f1709294c525ed3e96d6)] -> xpath: //h2[contains(text(),'Components')]]
2024-06-23 22:06:461 INFO  LaptopsAndNotebooksPage :156 - MouseHover On LaptopsAndDesktopTab[[ChromeDriver: chrome on windows (ea2b18c55bc4e27bba5fcad502b329a9)] -> link text: Laptops & Notebooks]
2024-06-23 22:06:261 INFO  LaptopsAndNotebooksPage :161 - clickOnShowAllLaptopsAndNotebooks[[ChromeDriver: chrome on windows (ea2b18c55bc4e27bba5fcad502b329a9)] -> xpath: //a[contains(text(),'Show AllLaptops & Notebooks')]]
2024-06-23 22:06:560 INFO  LaptopsAndNotebooksPage :166 - Sort By PriceHighToLow[[ChromeDriver: chrome on windows (ea2b18c55bc4e27bba5fcad502b329a9)] -> xpath: //select[@id='input-sort']]
2024-06-23 22:06:805 INFO  LaptopsAndNotebooksPage :212 - Click On MacBookTab[[ChromeDriver: chrome on windows (ea2b18c55bc4e27bba5fcad502b329a9)] -> link text: Sony VAIO]
2024-06-23 22:06:738 INFO  LaptopsAndNotebooksPage :217 - Click On AddToCartButton[[ChromeDriver: chrome on windows (ea2b18c55bc4e27bba5fcad502b329a9)] -> xpath: //button[@id='button-cart']]
2024-06-23 22:06:999 INFO  DesktopsPage :235 - clickOnShoppingCart[[ChromeDriver: chrome on windows (ea2b18c55bc4e27bba5fcad502b329a9)] -> xpath: //span[contains(text(),'Shopping Cart')]]
2024-06-23 22:06:276 INFO  LaptopsAndNotebooksPage :247 - sendTextChangeQuantityTo2[[ChromeDriver: chrome on windows (ea2b18c55bc4e27bba5fcad502b329a9)] -> xpath: //input[contains(@name, 'quantity')]]
2024-06-23 22:06:590 INFO  LaptopsAndNotebooksPage :252 - Click On UpdateCart[[ChromeDriver: chrome on windows (ea2b18c55bc4e27bba5fcad502b329a9)] -> xpath: //button[contains(@data-original-title, 'Update')]]
2024-06-23 22:06:21 INFO  LaptopsAndNotebooksPage :257 - getSuccessModifiedCartMessage[[ChromeDriver: chrome on windows (ea2b18c55bc4e27bba5fcad502b329a9)] -> xpath: //div[@id='checkout-cart']/div[1]]
2024-06-23 22:06:628 INFO  TopMenuPage :60 -  Mousehover and Click on desktop [[ChromeDriver: chrome on windows (838b80e0949615076ae05dd319686d45)] -> link text: Desktops]
2024-06-23 22:06:169 INFO  DesktopsPage :148 - Sort Name (Z - A) By Position NameZtoA[[ChromeDriver: chrome on windows (838b80e0949615076ae05dd319686d45)] -> xpath: //select[@id='input-sort']]
2024-06-23 22:06:384 INFO  LaptopsAndNotebooksPage :156 - MouseHover On LaptopsAndDesktopTab[[ChromeDriver: chrome on windows (6794545a8c17e55759e6f8ae0f93ccef)] -> link text: Laptops & Notebooks]
2024-06-23 22:06:728 INFO  LaptopsAndNotebooksPage :161 - clickOnShowAllLaptopsAndNotebooks[[ChromeDriver: chrome on windows (6794545a8c17e55759e6f8ae0f93ccef)] -> xpath: //a[contains(text(),'Show AllLaptops & Notebooks')]]
2024-06-23 22:06:861 INFO  LaptopsAndNotebooksPage :166 - Sort By PriceHighToLow[[ChromeDriver: chrome on windows (6794545a8c17e55759e6f8ae0f93ccef)] -> xpath: //select[@id='input-sort']]
2024-06-23 22:06:891 INFO  LaptopsAndNotebooksPage :156 - MouseHover On LaptopsAndDesktopTab[[ChromeDriver: chrome on windows (7460cc1729f9e475de2f9b574c9d40ae)] -> link text: Laptops & Notebooks]
2024-06-23 22:06:75 INFO  LaptopsAndNotebooksPage :161 - clickOnShowAllLaptopsAndNotebooks[[ChromeDriver: chrome on windows (7460cc1729f9e475de2f9b574c9d40ae)] -> xpath: //a[contains(text(),'Show AllLaptops & Notebooks')]]
2024-06-23 22:06:627 INFO  LaptopsAndNotebooksPage :166 - Sort By PriceHighToLow[[ChromeDriver: chrome on windows (7460cc1729f9e475de2f9b574c9d40ae)] -> xpath: //select[@id='input-sort']]
2024-06-23 22:06:126 INFO  LaptopsAndNotebooksPage :212 - Click On MacBookTab[[ChromeDriver: chrome on windows (7460cc1729f9e475de2f9b574c9d40ae)] -> link text: Sony VAIO]
2024-06-23 22:06:52 INFO  LaptopsAndNotebooksPage :217 - Click On AddToCartButton[[ChromeDriver: chrome on windows (7460cc1729f9e475de2f9b574c9d40ae)] -> xpath: //button[@id='button-cart']]
2024-06-23 22:06:254 INFO  DesktopsPage :235 - clickOnShoppingCart[[ChromeDriver: chrome on windows (7460cc1729f9e475de2f9b574c9d40ae)] -> xpath: //span[contains(text(),'Shopping Cart')]]
2024-06-23 22:06:669 INFO  LaptopsAndNotebooksPage :247 - sendTextChangeQuantityTo2[[ChromeDriver: chrome on windows (7460cc1729f9e475de2f9b574c9d40ae)] -> xpath: //input[contains(@name, 'quantity')]]
2024-06-23 22:06:969 INFO  LaptopsAndNotebooksPage :252 - Click On UpdateCart[[ChromeDriver: chrome on windows (7460cc1729f9e475de2f9b574c9d40ae)] -> xpath: //button[contains(@data-original-title, 'Update')]]
2024-06-23 22:06:73 INFO  LaptopsAndNotebooksPage :257 - getSuccessModifiedCartMessage[[ChromeDriver: chrome on windows (7460cc1729f9e475de2f9b574c9d40ae)] -> xpath: //div[@id='checkout-cart']/div[1]]
2024-06-23 22:06:204 INFO  TopMenuPage :60 -  Mousehover and Click on desktop [[ChromeDriver: chrome on windows (d7a628ba814f0e788e41aa7e4d9bdb1a)] -> link text: Desktops]
2024-06-23 22:06:305 INFO  TopMenuPage :65 - get Text Desktop[[ChromeDriver: chrome on windows (d7a628ba814f0e788e41aa7e4d9bdb1a)] -> xpath: //h2[contains(text(),'Desktops')]]
2024-06-23 22:06:532 INFO  TopMenuPage :70 - mouseHoverOnLaptopsAndNotebooksTab[[ChromeDriver: chrome on windows (cc0b215628631de55f431f40b1d8df36)] -> link text: Laptops & Notebooks]
2024-06-23 22:06:402 INFO  TopMenuPage :75 - getLaptopsAndNotebooksText[[ChromeDriver: chrome on windows (cc0b215628631de55f431f40b1d8df36)] -> xpath: //h2[normalize-space()='Laptops & Notebooks']]
2024-06-23 22:06:729 INFO  TopMenuPage :80 - mouseHoverToComponentsTab[[ChromeDriver: chrome on windows (1ea96e55738959d271ff62458c40f077)] -> link text: Components]
2024-06-23 22:06:913 INFO  TopMenuPage :85 - getComponentsText[[ChromeDriver: chrome on windows (1ea96e55738959d271ff62458c40f077)] -> xpath: //h2[contains(text(),'Components')]]
2024-06-23 23:06:525 INFO  LaptopsAndNotebooksPage :156 - MouseHover On LaptopsAndDesktopTab[[ChromeDriver: chrome on windows (69f29715f9822260fb743bda636bb304)] -> link text: Laptops & Notebooks]
2024-06-23 23:06:100 INFO  LaptopsAndNotebooksPage :161 - clickOnShowAllLaptopsAndNotebooks[[ChromeDriver: chrome on windows (69f29715f9822260fb743bda636bb304)] -> xpath: //a[contains(text(),'Show AllLaptops & Notebooks')]]
2024-06-23 23:06:581 INFO  LaptopsAndNotebooksPage :166 - Sort By PriceHighToLow[[ChromeDriver: chrome on windows (69f29715f9822260fb743bda636bb304)] -> xpath: //select[@id='input-sort']]
2024-06-23 23:06:107 INFO  LaptopsAndNotebooksPage :212 - Click On MacBookTab[[ChromeDriver: chrome on windows (69f29715f9822260fb743bda636bb304)] -> link text: Sony VAIO]
2024-06-23 23:06:871 INFO  LaptopsAndNotebooksPage :217 - Click On AddToCartButton[[ChromeDriver: chrome on windows (69f29715f9822260fb743bda636bb304)] -> xpath: //button[@id='button-cart']]
2024-06-23 23:06:154 INFO  DesktopsPage :235 - clickOnShoppingCart[[ChromeDriver: chrome on windows (69f29715f9822260fb743bda636bb304)] -> xpath: //span[contains(text(),'Shopping Cart')]]
2024-06-23 23:06:330 INFO  LaptopsAndNotebooksPage :247 - sendTextChangeQuantityTo2[[ChromeDriver: chrome on windows (69f29715f9822260fb743bda636bb304)] -> xpath: //input[contains(@name, 'quantity')]]
2024-06-23 23:06:646 INFO  LaptopsAndNotebooksPage :252 - Click On UpdateCart[[ChromeDriver: chrome on windows (69f29715f9822260fb743bda636bb304)] -> xpath: //button[contains(@data-original-title, 'Update')]]
2024-06-23 23:06:785 INFO  LaptopsAndNotebooksPage :257 - getSuccessModifiedCartMessage[[ChromeDriver: chrome on windows (69f29715f9822260fb743bda636bb304)] -> xpath: //div[@id='checkout-cart']/div[1]]
2024-06-23 23:06:914 INFO  LaptopsAndNotebooksPage :267 - Click On CheckoutButton[[ChromeDriver: chrome on windows (69f29715f9822260fb743bda636bb304)] -> xpath: //a[contains(text(),'Checkout')]]
2024-06-23 23:06:31 INFO  LaptopsAndNotebooksPage :272 - Get Checkout TextProxy element for: DefaultElementLocator 'By.xpath: //h1[contains(text(),'Checkout')]'
2024-06-23 23:06:780 INFO  MyAccountsPage :106 - click On MyAccount Link [[ChromeDriver: chrome on windows (45bf9422326403b4c60e61ffb7c4b9b1)] -> xpath: //span[contains(text(),'My Account')]]
2024-06-23 23:06:407 INFO  MyAccountsPage :120 - Enter First Name Shitl in field[[ChromeDriver: chrome on windows (45bf9422326403b4c60e61ffb7c4b9b1)] -> id: input-firstname]
2024-06-23 23:06:582 INFO  MyAccountsPage :125 - Enter last Name Sangani in field[[ChromeDriver: chrome on windows (45bf9422326403b4c60e61ffb7c4b9b1)] -> id: input-lastname]
2024-06-23 23:06:748 INFO  MyAccountsPage :130 - Enter Prime123@gmail.com EmailId[[ChromeDriver: chrome on windows (45bf9422326403b4c60e61ffb7c4b9b1)] -> id: input-email]
2024-06-23 23:06:44 INFO  MyAccountsPage :135 - Enter 07123456879Phone Number[[ChromeDriver: chrome on windows (45bf9422326403b4c60e61ffb7c4b9b1)] -> id: input-telephone]
2024-06-23 23:06:319 INFO  MyAccountsPage :140 - Enter Password Prime123 in password field[[ChromeDriver: chrome on windows (45bf9422326403b4c60e61ffb7c4b9b1)] -> id: input-password]
2024-06-23 23:06:605 INFO  MyAccountsPage :145 - enter ConfirmPassword [[ChromeDriver: chrome on windows (45bf9422326403b4c60e61ffb7c4b9b1)] -> id: input-confirm]
2024-06-23 23:06:928 INFO  MyAccountsPage :150 - clickSubscribeOnYesRadioButton [[ChromeDriver: chrome on windows (45bf9422326403b4c60e61ffb7c4b9b1)] -> xpath: //input[@name='newsletter']]
2024-06-23 23:06:107 INFO  MyAccountsPage :155 - clickOnPrivacyPolicyCheckBox[[ChromeDriver: chrome on windows (45bf9422326403b4c60e61ffb7c4b9b1)] -> xpath: //div[@class = 'buttons']//input[@name='agree']]
2024-06-23 23:06:296 INFO  MyAccountsPage :160 - clickOnContinue1[[ChromeDriver: chrome on windows (45bf9422326403b4c60e61ffb7c4b9b1)] -> xpath: //div[@class = 'buttons']//input[@value='Continue']]
2024-06-23 23:06:760 INFO  MyAccountsPage :165 - getAccountCreatedMessageProxy element for: DefaultElementLocator 'By.xpath: //h1[contains(text(),'Your Account Has Been Created!')]'
2024-06-23 23:06:767 INFO  MyAccountsPage :106 - click On MyAccount Link [[ChromeDriver: chrome on windows (265afef266abd97c97f2b3beed5b0709)] -> xpath: //span[contains(text(),'My Account')]]
2024-06-23 23:06:213 INFO  MyAccountsPage :120 - Enter First Name Shitl in field[[ChromeDriver: chrome on windows (265afef266abd97c97f2b3beed5b0709)] -> id: input-firstname]
2024-06-23 23:06:341 INFO  MyAccountsPage :125 - Enter last Name Sangani in field[[ChromeDriver: chrome on windows (265afef266abd97c97f2b3beed5b0709)] -> id: input-lastname]
2024-06-23 23:06:507 INFO  MyAccountsPage :130 - Enter sita123@gmail.com EmailId[[ChromeDriver: chrome on windows (265afef266abd97c97f2b3beed5b0709)] -> id: input-email]
2024-06-23 23:06:794 INFO  MyAccountsPage :135 - Enter 07123456479Phone Number[[ChromeDriver: chrome on windows (265afef266abd97c97f2b3beed5b0709)] -> id: input-telephone]
2024-06-23 23:06:114 INFO  MyAccountsPage :140 - Enter Password Sita_123 in password field[[ChromeDriver: chrome on windows (265afef266abd97c97f2b3beed5b0709)] -> id: input-password]
2024-06-23 23:06:441 INFO  MyAccountsPage :145 - enter ConfirmPassword [[ChromeDriver: chrome on windows (265afef266abd97c97f2b3beed5b0709)] -> id: input-confirm]
2024-06-23 23:06:764 INFO  MyAccountsPage :150 - clickSubscribeOnYesRadioButton [[ChromeDriver: chrome on windows (265afef266abd97c97f2b3beed5b0709)] -> xpath: //input[@name='newsletter']]
2024-06-23 23:06:942 INFO  MyAccountsPage :155 - clickOnPrivacyPolicyCheckBox[[ChromeDriver: chrome on windows (265afef266abd97c97f2b3beed5b0709)] -> xpath: //div[@class = 'buttons']//input[@name='agree']]
2024-06-23 23:06:150 INFO  MyAccountsPage :160 - clickOnContinue1[[ChromeDriver: chrome on windows (265afef266abd97c97f2b3beed5b0709)] -> xpath: //div[@class = 'buttons']//input[@value='Continue']]
2024-06-23 23:06:751 INFO  MyAccountsPage :165 - getAccountCreatedMessage[[ChromeDriver: chrome on windows (265afef266abd97c97f2b3beed5b0709)] -> xpath: //h1[contains(text(),'Your Account Has Been Created!')]]
2024-06-23 23:06:832 INFO  MyAccountsPage :170 - clickOnContinueButton2[[ChromeDriver: chrome on windows (265afef266abd97c97f2b3beed5b0709)] -> xpath: //a[contains(text(),'Continue')]]
2024-06-23 23:06:491 INFO  MyAccountsPage :175 - clickOnMyAccountTab[[ChromeDriver: chrome on windows (265afef266abd97c97f2b3beed5b0709)] -> xpath: //span[contains(text(),'My Account')]]
2024-06-23 23:06:855 INFO  MyAccountsPage :180 - getAccountLogoutMessage[[ChromeDriver: chrome on windows (265afef266abd97c97f2b3beed5b0709)] -> xpath: //h1[contains(text(),'Account Logout')]]
2024-06-24 13:06:733 INFO  MyAccountsPage :106 - click On MyAccount Link [[ChromeDriver: chrome on windows (203fa9ae3da43beb55783b2d7c703019)] -> xpath: //span[contains(text(),'My Account')]]
2024-06-24 13:06:859 INFO  MyAccountsPage :120 - Enter First Name Shitl in field[[ChromeDriver: chrome on windows (203fa9ae3da43beb55783b2d7c703019)] -> id: input-firstname]
2024-06-24 13:06:116 INFO  MyAccountsPage :125 - Enter last Name Sangani in field[[ChromeDriver: chrome on windows (203fa9ae3da43beb55783b2d7c703019)] -> id: input-lastname]
2024-06-24 13:06:377 INFO  MyAccountsPage :130 - Enter sita123@gmail.com EmailId[[ChromeDriver: chrome on windows (203fa9ae3da43beb55783b2d7c703019)] -> id: input-email]
2024-06-24 13:06:710 INFO  MyAccountsPage :135 - Enter 07123456479Phone Number[[ChromeDriver: chrome on windows (203fa9ae3da43beb55783b2d7c703019)] -> id: input-telephone]
2024-06-24 13:06:00 INFO  MyAccountsPage :140 - Enter Password Sita_123 in password field[[ChromeDriver: chrome on windows (203fa9ae3da43beb55783b2d7c703019)] -> id: input-password]
2024-06-24 13:06:241 INFO  MyAccountsPage :145 - enter ConfirmPassword [[ChromeDriver: chrome on windows (203fa9ae3da43beb55783b2d7c703019)] -> id: input-confirm]
2024-06-24 13:06:514 INFO  MyAccountsPage :150 - clickSubscribeOnYesRadioButton [[ChromeDriver: chrome on windows (203fa9ae3da43beb55783b2d7c703019)] -> xpath: //input[@name='newsletter']]
2024-06-24 13:06:655 INFO  MyAccountsPage :155 - clickOnPrivacyPolicyCheckBox[[ChromeDriver: chrome on windows (203fa9ae3da43beb55783b2d7c703019)] -> xpath: //div[@class = 'buttons']//input[@name='agree']]
2024-06-24 13:06:801 INFO  MyAccountsPage :160 - clickOnContinue1[[ChromeDriver: chrome on windows (203fa9ae3da43beb55783b2d7c703019)] -> xpath: //div[@class = 'buttons']//input[@value='Continue']]
2024-06-24 13:06:708 INFO  MyAccountsPage :165 - getAccountCreatedMessageProxy element for: DefaultElementLocator 'By.xpath: //h1[contains(text(),'Your Account Has Been Created!')]'
2024-06-24 13:06:481 INFO  TopMenuPage :60 -  Mousehover and Click on desktop [[ChromeDriver: chrome on windows (e356a4d90cb201ab5e5e4542085b4a71)] -> link text: Desktops]
2024-06-24 13:06:177 INFO  DesktopsPage :148 - Sort Name (Z - A) By Position NameZtoA[[ChromeDriver: chrome on windows (e356a4d90cb201ab5e5e4542085b4a71)] -> xpath: //select[@id='input-sort']]
2024-06-24 13:06:408 INFO  LaptopsAndNotebooksPage :156 - MouseHover On LaptopsAndDesktopTab[[ChromeDriver: chrome on windows (fa499715ed3400d51369de60b99e1a33)] -> link text: Laptops & Notebooks]
2024-06-24 13:06:792 INFO  LaptopsAndNotebooksPage :161 - clickOnShowAllLaptopsAndNotebooks[[ChromeDriver: chrome on windows (fa499715ed3400d51369de60b99e1a33)] -> xpath: //a[contains(text(),'Show AllLaptops & Notebooks')]]
2024-06-24 13:06:747 INFO  LaptopsAndNotebooksPage :166 - Sort By PriceHighToLow[[ChromeDriver: chrome on windows (fa499715ed3400d51369de60b99e1a33)] -> xpath: //select[@id='input-sort']]
2024-06-24 13:06:225 INFO  LaptopsAndNotebooksPage :156 - MouseHover On LaptopsAndDesktopTab[[ChromeDriver: chrome on windows (582546947efe5050c00616dcd8406b0c)] -> link text: Laptops & Notebooks]
2024-06-24 13:06:398 INFO  LaptopsAndNotebooksPage :161 - clickOnShowAllLaptopsAndNotebooks[[ChromeDriver: chrome on windows (582546947efe5050c00616dcd8406b0c)] -> xpath: //a[contains(text(),'Show AllLaptops & Notebooks')]]
2024-06-24 13:06:336 INFO  LaptopsAndNotebooksPage :166 - Sort By PriceHighToLow[[ChromeDriver: chrome on windows (582546947efe5050c00616dcd8406b0c)] -> xpath: //select[@id='input-sort']]
2024-06-24 13:06:12 INFO  LaptopsAndNotebooksPage :212 - Click On MacBookTab[[ChromeDriver: chrome on windows (582546947efe5050c00616dcd8406b0c)] -> link text: Sony VAIO]
2024-06-24 13:06:789 INFO  LaptopsAndNotebooksPage :217 - Click On AddToCartButton[[ChromeDriver: chrome on windows (582546947efe5050c00616dcd8406b0c)] -> xpath: //button[@id='button-cart']]
2024-06-24 13:06:875 INFO  DesktopsPage :235 - clickOnShoppingCart[[ChromeDriver: chrome on windows (582546947efe5050c00616dcd8406b0c)] -> xpath: //span[contains(text(),'Shopping Cart')]]
2024-06-24 13:06:813 INFO  LaptopsAndNotebooksPage :247 - sendTextChangeQuantityTo2[[ChromeDriver: chrome on windows (582546947efe5050c00616dcd8406b0c)] -> xpath: //input[contains(@name, 'quantity')]]
2024-06-24 13:06:937 INFO  LaptopsAndNotebooksPage :252 - Click On UpdateCart[[ChromeDriver: chrome on windows (582546947efe5050c00616dcd8406b0c)] -> xpath: //button[contains(@data-original-title, 'Update')]]
2024-06-24 13:06:893 INFO  LaptopsAndNotebooksPage :257 - getSuccessModifiedCartMessage[[ChromeDriver: chrome on windows (582546947efe5050c00616dcd8406b0c)] -> xpath: //div[@id='checkout-cart']/div[1]]
2024-06-24 13:06:941 INFO  LaptopsAndNotebooksPage :267 - Click On CheckoutButton[[ChromeDriver: chrome on windows (582546947efe5050c00616dcd8406b0c)] -> xpath: //a[contains(text(),'Checkout')]]
2024-06-24 13:06:921 INFO  LaptopsAndNotebooksPage :272 - Get Checkout TextProxy element for: DefaultElementLocator 'By.xpath: //h1[contains(text(),'Checkout')]'
2024-06-24 13:06:806 INFO  MyAccountsPage :106 - click On MyAccount Link [[ChromeDriver: chrome on windows (dcb23d51f3d0deab5ccae7f822200b42)] -> xpath: //span[contains(text(),'My Account')]]
2024-06-24 13:06:559 INFO  MyAccountsPage :115 - getReturningCustomerMessage[[ChromeDriver: chrome on windows (dcb23d51f3d0deab5ccae7f822200b42)] -> xpath: //h2[contains(text(),'Returning Customer')]]
2024-06-24 13:06:105 INFO  TopMenuPage :60 -  Mousehover and Click on desktop [[ChromeDriver: chrome on windows (a286d216f69f86327a9e1a34306ab86f)] -> link text: Desktops]
2024-06-24 13:06:828 INFO  TopMenuPage :65 - get Text Desktop[[ChromeDriver: chrome on windows (a286d216f69f86327a9e1a34306ab86f)] -> xpath: //h2[contains(text(),'Desktops')]]
2024-06-24 13:06:46 INFO  TopMenuPage :70 - mouseHoverOnLaptopsAndNotebooksTab[[ChromeDriver: chrome on windows (20fe11978028b17a9818d6fe103b5f2f)] -> link text: Laptops & Notebooks]
2024-06-24 13:06:574 INFO  TopMenuPage :75 - getLaptopsAndNotebooksText[[ChromeDriver: chrome on windows (20fe11978028b17a9818d6fe103b5f2f)] -> xpath: //h2[normalize-space()='Laptops & Notebooks']]
2024-06-24 13:06:706 INFO  TopMenuPage :80 - mouseHoverToComponentsTab[[ChromeDriver: chrome on windows (2453549050ee8589fa4682265ccb2b9f)] -> link text: Components]
2024-06-24 13:06:964 INFO  TopMenuPage :85 - getComponentsText[[ChromeDriver: chrome on windows (2453549050ee8589fa4682265ccb2b9f)] -> xpath: //h2[contains(text(),'Components')]]
2024-06-24 13:06:731 INFO  TopMenuPage :60 -  Mousehover and Click on desktop [[ChromeDriver: chrome on windows (842ffd3f4700b9f648c9f0108eb552e4)] -> link text: Desktops]
2024-06-24 13:06:562 INFO  DesktopsPage :148 - Sort Name (Z - A) By Position NameZtoA[[ChromeDriver: chrome on windows (842ffd3f4700b9f648c9f0108eb552e4)] -> xpath: //select[@id='input-sort']]
2024-06-24 13:06:884 INFO  LaptopsAndNotebooksPage :156 - MouseHover On LaptopsAndDesktopTab[[ChromeDriver: chrome on windows (73602ec01d9cfca43c2f0f85df81eb10)] -> link text: Laptops & Notebooks]
2024-06-24 13:06:97 INFO  LaptopsAndNotebooksPage :161 - clickOnShowAllLaptopsAndNotebooks[[ChromeDriver: chrome on windows (73602ec01d9cfca43c2f0f85df81eb10)] -> xpath: //a[contains(text(),'Show AllLaptops & Notebooks')]]
2024-06-24 13:06:87 INFO  LaptopsAndNotebooksPage :166 - Sort By PriceHighToLow[[ChromeDriver: chrome on windows (73602ec01d9cfca43c2f0f85df81eb10)] -> xpath: //select[@id='input-sort']]
2024-06-24 13:06:355 INFO  MyAccountsPage :106 - click On MyAccount Link [[ChromeDriver: chrome on windows (65d23bfe313553f8662158726956106d)] -> xpath: //span[contains(text(),'My Account')]]
2024-06-24 13:06:66 INFO  MyAccountsPage :115 - getReturningCustomerMessage[[ChromeDriver: chrome on windows (65d23bfe313553f8662158726956106d)] -> xpath: //h2[contains(text(),'Returning Customer')]]
2024-06-24 13:06:549 INFO  TopMenuPage :60 -  Mousehover and Click on desktop [[ChromeDriver: chrome on windows (3bb5f0d229391254aff9d35a5638c4c5)] -> link text: Desktops]
2024-06-24 13:06:606 INFO  TopMenuPage :65 - get Text Desktop[[ChromeDriver: chrome on windows (3bb5f0d229391254aff9d35a5638c4c5)] -> xpath: //h2[contains(text(),'Desktops')]]
2024-06-24 13:06:596 INFO  TopMenuPage :70 - mouseHoverOnLaptopsAndNotebooksTab[[ChromeDriver: chrome on windows (c54e4238c3c2830d8e5a50e37dacb706)] -> link text: Laptops & Notebooks]
2024-06-24 13:06:807 INFO  TopMenuPage :75 - getLaptopsAndNotebooksText[[ChromeDriver: chrome on windows (c54e4238c3c2830d8e5a50e37dacb706)] -> xpath: //h2[normalize-space()='Laptops & Notebooks']]
2024-06-24 13:06:689 INFO  TopMenuPage :80 - mouseHoverToComponentsTab[[ChromeDriver: chrome on windows (ba430fdaa8aeb9ba4cdb9119b42b4ee9)] -> link text: Components]
2024-06-24 13:06:894 INFO  TopMenuPage :85 - getComponentsText[[ChromeDriver: chrome on windows (ba430fdaa8aeb9ba4cdb9119b42b4ee9)] -> xpath: //h2[contains(text(),'Components')]]
2024-06-24 16:06:590 INFO  TopMenuPage :60 -  Mousehover and Click on desktop [[ChromeDriver: chrome on windows (5cc9b0b129e4294560b25d4e12527e3f)] -> link text: Desktops]
2024-06-24 16:06:49 INFO  DesktopsPage :149 - Sort Name (Z - A) By Position NameZtoA[[ChromeDriver: chrome on windows (5cc9b0b129e4294560b25d4e12527e3f)] -> xpath: //select[@id='input-sort']]
2024-06-24 16:06:556 INFO  DesktopsPage :59 - Clicking on £Pound Sterling on top of page [[ChromeDriver: chrome on windows (cbe3e7de49866ed4e92048943f62804d)] -> xpath: //button[normalize-space()='£Pound Sterling']]
2024-06-24 16:06:592 INFO  TopMenuPage :60 -  Mousehover and Click on desktop [[ChromeDriver: chrome on windows (cbe3e7de49866ed4e92048943f62804d)] -> link text: Desktops]
2024-06-24 16:06:89 INFO  DesktopsPage :149 - Sort Name (Z - A) By Position NameZtoA[[ChromeDriver: chrome on windows (cbe3e7de49866ed4e92048943f62804d)] -> xpath: //select[@id='input-sort']]
2024-06-24 16:06:126 INFO  DesktopsPage :59 - Clicking on £Pound Sterling on top of page [[ChromeDriver: chrome on windows (9fe10c7f63a8fe0387a7ed5bac2fd38b)] -> xpath: //button[normalize-space()='£Pound Sterling']]
2024-06-24 16:06:157 INFO  TopMenuPage :60 -  Mousehover and Click on desktop [[ChromeDriver: chrome on windows (9fe10c7f63a8fe0387a7ed5bac2fd38b)] -> link text: Desktops]
2024-06-24 16:06:637 INFO  DesktopsPage :149 - Sort Name (Z - A) By Position NameZtoA[[ChromeDriver: chrome on windows (9fe10c7f63a8fe0387a7ed5bac2fd38b)] -> xpath: //select[@id='input-sort']]
2024-06-24 16:06:572 INFO  DesktopsPage :59 - Clicking on £Pound Sterling on top of page [[ChromeDriver: chrome on windows (30e823a9182b84f3f2e6568d4e205a05)] -> xpath: //button[normalize-space()='£Pound Sterling']]
2024-06-24 16:06:580 INFO  TopMenuPage :60 -  Mousehover and Click on desktop [[ChromeDriver: chrome on windows (30e823a9182b84f3f2e6568d4e205a05)] -> link text: Desktops]
2024-06-24 16:06:153 INFO  DesktopsPage :149 - Sort Name (Z - A) By Position NameZtoA[[ChromeDriver: chrome on windows (30e823a9182b84f3f2e6568d4e205a05)] -> xpath: //select[@id='input-sort']]
2024-06-24 16:06:761 INFO  DesktopsPage :59 - Clicking on £Pound Sterling on top of page [[ChromeDriver: chrome on windows (a7f2a54845df68e601fe61db5055b367)] -> xpath: //button[normalize-space()='£Pound Sterling']]
2024-06-24 16:06:798 INFO  TopMenuPage :60 -  Mousehover and Click on desktop [[ChromeDriver: chrome on windows (a7f2a54845df68e601fe61db5055b367)] -> link text: Desktops]
2024-06-24 16:06:268 INFO  DesktopsPage :149 - Sort Name (Z - A) By Position NameZtoA[[ChromeDriver: chrome on windows (a7f2a54845df68e601fe61db5055b367)] -> xpath: //select[@id='input-sort']]
2024-06-24 16:06:766 INFO  DesktopsPage :59 - Clicking on £Pound Sterling on top of page [[ChromeDriver: chrome on windows (bb79b857dc590c79e5ef716147abd284)] -> xpath: //button[normalize-space()='£Pound Sterling']]
2024-06-24 16:06:798 INFO  TopMenuPage :60 -  Mousehover and Click on desktop [[ChromeDriver: chrome on windows (bb79b857dc590c79e5ef716147abd284)] -> link text: Desktops]
2024-06-24 16:06:482 INFO  DesktopsPage :149 - Sort Name (Z - A) By Position NameZtoA[[ChromeDriver: chrome on windows (bb79b857dc590c79e5ef716147abd284)] -> xpath: //select[@id='input-sort']]
2024-06-24 16:06:386 INFO  DesktopsPage :59 - Clicking on £Pound Sterling on top of page [[ChromeDriver: chrome on windows (c1b9e2006dd45e7781894112b0c7b63d)] -> xpath: //button[normalize-space()='£Pound Sterling']]
2024-06-24 16:06:415 INFO  TopMenuPage :60 -  Mousehover and Click on desktop [[ChromeDriver: chrome on windows (c1b9e2006dd45e7781894112b0c7b63d)] -> link text: Desktops]
2024-06-24 16:06:890 INFO  DesktopsPage :149 - Sort Name (Z - A) By Position NameZtoA[[ChromeDriver: chrome on windows (c1b9e2006dd45e7781894112b0c7b63d)] -> xpath: //select[@id='input-sort']]
2024-06-24 16:06:182 INFO  LaptopsAndNotebooksPage :156 - MouseHover On LaptopsAndDesktopTab[[ChromeDriver: chrome on windows (a8ca8eb21c22e0242eec182b2bbd2b3a)] -> link text: Laptops & Notebooks]
2024-06-24 16:06:346 INFO  LaptopsAndNotebooksPage :161 - clickOnShowAllLaptopsAndNotebooks[[ChromeDriver: chrome on windows (a8ca8eb21c22e0242eec182b2bbd2b3a)] -> xpath: //a[contains(text(),'Show AllLaptops & Notebooks')]]
2024-06-24 16:06:378 INFO  LaptopsAndNotebooksPage :166 - Sort By PriceHighToLow[[ChromeDriver: chrome on windows (a8ca8eb21c22e0242eec182b2bbd2b3a)] -> xpath: //select[@id='input-sort']]
2024-06-24 16:06:593 INFO  LaptopsAndNotebooksPage :156 - MouseHover On LaptopsAndDesktopTab[[ChromeDriver: chrome on windows (3a00ba83deac2af2d7c0a7766afbd544)] -> link text: Laptops & Notebooks]
2024-06-24 16:06:764 INFO  LaptopsAndNotebooksPage :161 - clickOnShowAllLaptopsAndNotebooks[[ChromeDriver: chrome on windows (3a00ba83deac2af2d7c0a7766afbd544)] -> xpath: //a[contains(text(),'Show AllLaptops & Notebooks')]]
2024-06-24 16:06:949 INFO  LaptopsAndNotebooksPage :166 - Sort By PriceHighToLow[[ChromeDriver: chrome on windows (3a00ba83deac2af2d7c0a7766afbd544)] -> xpath: //select[@id='input-sort']]
2024-06-24 16:06:638 INFO  LaptopsAndNotebooksPage :212 - Click On MacBookTab[[ChromeDriver: chrome on windows (3a00ba83deac2af2d7c0a7766afbd544)] -> link text: Sony VAIO]
2024-06-24 16:06:99 INFO  LaptopsAndNotebooksPage :217 - Click On AddToCartButton[[ChromeDriver: chrome on windows (3a00ba83deac2af2d7c0a7766afbd544)] -> xpath: //button[@id='button-cart']]
2024-06-24 16:06:166 INFO  DesktopsPage :236 - clickOnShoppingCart[[ChromeDriver: chrome on windows (3a00ba83deac2af2d7c0a7766afbd544)] -> xpath: //span[contains(text(),'Shopping Cart')]]
2024-06-24 16:06:32 INFO  LaptopsAndNotebooksPage :247 - sendTextChangeQuantityTo2[[ChromeDriver: chrome on windows (3a00ba83deac2af2d7c0a7766afbd544)] -> xpath: //input[contains(@name, 'quantity')]]
2024-06-24 16:06:100 INFO  LaptopsAndNotebooksPage :252 - Click On UpdateCart[[ChromeDriver: chrome on windows (3a00ba83deac2af2d7c0a7766afbd544)] -> xpath: //button[contains(@data-original-title, 'Update')]]
2024-06-24 16:06:968 INFO  LaptopsAndNotebooksPage :257 - getSuccessModifiedCartMessage[[ChromeDriver: chrome on windows (3a00ba83deac2af2d7c0a7766afbd544)] -> xpath: //div[@id='checkout-cart']/div[1]]
2024-06-24 16:06:998 INFO  LaptopsAndNotebooksPage :267 - Click On CheckoutButton[[ChromeDriver: chrome on windows (3a00ba83deac2af2d7c0a7766afbd544)] -> xpath: //a[contains(text(),'Checkout')]]
2024-06-24 16:06:951 INFO  LaptopsAndNotebooksPage :272 - Get Checkout TextProxy element for: DefaultElementLocator 'By.xpath: //h1[contains(text(),'Checkout')]'
2024-06-24 16:06:414 INFO  MyAccountsPage :106 - click On MyAccount Link [[ChromeDriver: chrome on windows (a4d762f8ae9a566ac695227b0ac11f53)] -> xpath: //span[contains(text(),'My Account')]]
2024-06-24 16:06:679 INFO  MyAccountsPage :106 - click On MyAccount Link [[ChromeDriver: chrome on windows (3a1671906c925ff7298bf715b2bbf4f7)] -> xpath: //span[contains(text(),'My Account')]]
2024-06-24 16:06:738 INFO  MyAccountsPage :106 - click On MyAccount Link [[ChromeDriver: chrome on windows (b80ad04878dfd66eb42c431c57aa41e0)] -> xpath: //span[contains(text(),'My Account')]]
